#! /extra/build/iverilog-12.0/rhel9/bin/vvp
:ivl_version "12.0 (stable)";
:ivl_delay_selection "TYPICAL";
:vpi_time_precision + 0;
:vpi_module "/clear/apps/iverilog-12.0/rhel9/lib/ivl/system.vpi";
:vpi_module "/clear/apps/iverilog-12.0/rhel9/lib/ivl/vhdl_sys.vpi";
:vpi_module "/clear/apps/iverilog-12.0/rhel9/lib/ivl/vhdl_textio.vpi";
:vpi_module "/clear/apps/iverilog-12.0/rhel9/lib/ivl/v2005_math.vpi";
:vpi_module "/clear/apps/iverilog-12.0/rhel9/lib/ivl/va_math.vpi";
S_0x12ff4f0 .scope module, "directory_controller" "directory_controller" 2 3;
 .timescale 0 0;
    .port_info 0 /INPUT 1 "clk_i";
    .port_info 1 /INPUT 1 "reset_i";
    .port_info 2 /INPUT 1 "l1_signal_i";
    .port_info 3 /INPUT 2 "core_i";
    .port_info 4 /INPUT 3 "coh_req_i";
    .port_info 5 /INPUT 32 "addr_i";
    .port_info 6 /INPUT 512 "l1_data_i";
    .port_info 7 /INPUT 1 "l1_dg_ack_i";
    .port_info 8 /INPUT 1 "l2_signal_i";
    .port_info 9 /INPUT 512 "mem_rdata_i";
    .port_info 10 /OUTPUT 1 "l1_signal_o";
    .port_info 11 /OUTPUT 1 "l1_core_o";
    .port_info 12 /OUTPUT 512 "l1_data_o";
    .port_info 13 /OUTPUT 2 "l1_dg_signal_o";
    .port_info 14 /OUTPUT 1 "l1_dg_core_o";
    .port_info 15 /OUTPUT 32 "l1_dg_addr_o";
    .port_info 16 /OUTPUT 1 "l2_req_o";
    .port_info 17 /OUTPUT 1 "l2_we_o";
    .port_info 18 /OUTPUT 32 "mem_addr_o";
    .port_info 19 /OUTPUT 512 "l2_data_o";
P_0x13303a0 .param/l "ADDR_WIDTH" 0 2 9, +C4<00000000000000000000000000100000>;
P_0x13303e0 .param/l "CACHE_ENTRIES_PER_CORE" 0 2 7, +C4<00000000000000000000000000100000>;
P_0x1330420 .param/l "CACHE_ENTRY_BITS" 1 2 53, +C4<00000000000000000000000000000000000000000000000000000001000011000>;
P_0x1330460 .param/l "CACHE_LINE_SIZE" 0 2 8, +C4<00000000000000000000000001000000>;
P_0x13304a0 .param/l "CORE_ID_BITS" 0 2 5, +C4<00000000000000000000000000000001>;
P_0x13304e0 .param/l "ENTRY_WIDTH" 1 2 70, +C4<000000000000000000000000000000011001>;
P_0x1330520 .param/l "INDEX_BITS" 1 2 49, +C4<00000000000000000000000000000101>;
P_0x1330560 .param/l "INDEX_MASK" 1 2 56, C4<00000000000000000000011111000000>;
P_0x13305a0 .param/l "LINE_WIDTH" 1 2 52, +C4<0000000000000000000000000000000000000000000000000000001000000000>;
P_0x13305e0 .param/l "NORMAL_MODE" 1 2 90, C4<0>;
P_0x1330620 .param/l "NUM_CORES" 0 2 4, +C4<00000000000000000000000000000010>;
P_0x1330660 .param/l "NUM_ENTRIES" 1 2 59, +C4<0000000000000000000000000000000000000000000000000000000001000000>;
P_0x13306a0 .param/l "OFFSET_BITS" 1 2 48, +C4<00000000000000000000000000000110>;
P_0x13306e0 .param/l "OFFSET_MASK" 1 2 55, C4<00000000000000000000000000111111>;
P_0x1330720 .param/l "REQ_LD_HIT" 1 2 76, C4<000>;
P_0x1330760 .param/l "REQ_LD_MISS" 1 2 77, C4<001>;
P_0x13307a0 .param/l "REQ_SD_HIT" 1 2 78, C4<010>;
P_0x13307e0 .param/l "REQ_SD_MISS" 1 2 79, C4<100>;
P_0x1330820 .param/l "STATE_HI" 1 2 72, +C4<000000000000000000000000000000011>;
P_0x1330860 .param/l "STATE_I" 1 2 62, C4<001>;
P_0x13308a0 .param/l "STATE_LO" 1 2 73, +C4<00000000000000000000000000000001>;
P_0x13308e0 .param/l "STATE_M" 1 2 64, C4<100>;
P_0x1330920 .param/l "STATE_S" 1 2 63, C4<010>;
P_0x1330960 .param/l "STATE_WAITING_L2" 1 2 65, C4<101>;
P_0x13309a0 .param/l "S_IDLE" 1 2 83, C4<0000>;
P_0x13309e0 .param/l "S_LD_HIT" 1 2 85, C4<0010>;
P_0x1330a20 .param/l "S_LD_MISS" 1 2 86, C4<0011>;
P_0x1330a60 .param/l "S_PROCESS" 1 2 84, C4<0001>;
P_0x1330aa0 .param/l "S_SD_HIT" 1 2 88, C4<0101>;
P_0x1330ae0 .param/l "S_SD_MISS" 1 2 87, C4<0100>;
P_0x1330b20 .param/l "S_WAITING_OWNER" 1 2 66, C4<110>;
P_0x1330b60 .param/l "TAG_BITS" 1 2 50, +C4<0000000000000000000000000000010101>;
P_0x1330ba0 .param/l "TAG_MASK" 1 2 57, C4<11111111111111111111100000000000>;
P_0x1330be0 .param/l "TRANSACTION_MODE" 1 2 91, C4<1>;
P_0x1330c20 .param/l "T_IDX" 1 2 71, +C4<00000000000000000000000000000010>;
o0x7faa2c6c41c8 .functor BUFZ 512, C4<zzzzzzzzzzzzzzzzzzzzzzzzzzzzzzzzzzzzzzzzzzzzzzzzzzzzzzzzzzzzzzzzzzzzzzzzzzzzzzzzzzzzzzzzzzzzzzzzzzzzzzzzzzzzzzzzzzzzzzzzzzzzzzzzzzzzzzzzzzzzzzzzzzzzzzzzzzzzzzzzzzzzzzzzzzzzzzzzzzzzzzzzzzzzzzzzzzzzzzzzzzzzzzzzzzzzzzzzzzzzzzzzzzzzzzzzzzzzzzzzzzzzzzzzzzzzzzzzzzzzzzzzzzzzzzzzzzzzzzzzzzzzzzzzzzzzzzzzzzzzzzzzzzzzzzzzzzzzzzzzzzzzzzzzzzzzzzzzzzzzzzzzzzzzzzzzzzzzzzzzzzzzzzzzzzzzzzzzzzzzzzzzzzzzzzzzzzzzzzzzzzzzzzzzzzzzzzzzzzzzzzzzzzzzzzzzzzzzzzzzzzzzzzzzzzzzzzzzzzzzzzzzzzzzzzzzzzzzzzzzzzzzzzzzzzzzzzzzzzzzzzzzzzzzzzzz>; HiZ drive
L_0x1368470 .functor BUFZ 512, o0x7faa2c6c41c8, C4<00000000000000000000000000000000000000000000000000000000000000000000000000000000000000000000000000000000000000000000000000000000000000000000000000000000000000000000000000000000000000000000000000000000000000000000000000000000000000000000000000000000000000000000000000000000000000000000000000000000000000000000000000000000000000000000000000000000000000000000000000000000000000000000000000000000000000000000000000000000000000000000000000000000000000000000000000000000000000000000000000000000000000000000000000000000>, C4<00000000000000000000000000000000000000000000000000000000000000000000000000000000000000000000000000000000000000000000000000000000000000000000000000000000000000000000000000000000000000000000000000000000000000000000000000000000000000000000000000000000000000000000000000000000000000000000000000000000000000000000000000000000000000000000000000000000000000000000000000000000000000000000000000000000000000000000000000000000000000000000000000000000000000000000000000000000000000000000000000000000000000000000000000000000>, C4<00000000000000000000000000000000000000000000000000000000000000000000000000000000000000000000000000000000000000000000000000000000000000000000000000000000000000000000000000000000000000000000000000000000000000000000000000000000000000000000000000000000000000000000000000000000000000000000000000000000000000000000000000000000000000000000000000000000000000000000000000000000000000000000000000000000000000000000000000000000000000000000000000000000000000000000000000000000000000000000000000000000000000000000000000000000>;
L_0x13684e0 .functor BUFZ 32, v0x1367b20_0, C4<00000000000000000000000000000000>, C4<00000000000000000000000000000000>, C4<00000000000000000000000000000000>;
o0x7faa2c6c4018 .functor BUFZ 32, C4<zzzzzzzzzzzzzzzzzzzzzzzzzzzzzzzz>; HiZ drive
v0x1325980_0 .net "addr_i", 31 0, o0x7faa2c6c4018;  0 drivers
o0x7faa2c6c4048 .functor BUFZ 1, C4<z>; HiZ drive
v0x13667d0_0 .net "clk_i", 0 0, o0x7faa2c6c4048;  0 drivers
o0x7faa2c6c4078 .functor BUFZ 3, C4<zzz>; HiZ drive
v0x1366890_0 .net "coh_req_i", 2 0, o0x7faa2c6c4078;  0 drivers
o0x7faa2c6c40a8 .functor BUFZ 2, C4<zz>; HiZ drive
v0x1366950_0 .net "core_i", 1 0, o0x7faa2c6c40a8;  0 drivers
v0x1366a30_0 .var "cur_entry", 24 0;
v0x1366b60_0 .net "cur_pi", 1 0, L_0x1368330;  1 drivers
v0x1366c40_0 .net "cur_state", 2 0, L_0x1368290;  1 drivers
v0x1366d20_0 .net "dir_idx", 4 0, L_0x13683d0;  1 drivers
v0x1366e00 .array "directory", 0 63, 24 0;
v0x1366ec0_0 .var "l1_core_o", 0 0;
v0x1366fa0_0 .net "l1_data_i", 511 0, o0x7faa2c6c41c8;  0 drivers
v0x1367080_0 .var "l1_data_o", 511 0;
o0x7faa2c6c4228 .functor BUFZ 1, C4<z>; HiZ drive
v0x1367160_0 .net "l1_dg_ack_i", 0 0, o0x7faa2c6c4228;  0 drivers
v0x1367220_0 .net "l1_dg_addr_o", 31 0, L_0x13684e0;  1 drivers
v0x1367300_0 .var "l1_dg_core_o", 0 0;
v0x13673e0_0 .var "l1_dg_signal_o", 1 0;
o0x7faa2c6c42e8 .functor BUFZ 1, C4<z>; HiZ drive
v0x13674c0_0 .net "l1_signal_i", 0 0, o0x7faa2c6c42e8;  0 drivers
v0x1367580_0 .var "l1_signal_o", 0 0;
v0x1367640_0 .net "l2_data_o", 511 0, L_0x1368470;  1 drivers
v0x1367720_0 .var "l2_req_o", 0 0;
o0x7faa2c6c43a8 .functor BUFZ 1, C4<z>; HiZ drive
v0x13677e0_0 .net "l2_signal_i", 0 0, o0x7faa2c6c43a8;  0 drivers
v0x13678a0_0 .var "l2_we_o", 0 0;
v0x1367960_0 .var "mem_addr_o", 31 0;
o0x7faa2c6c4438 .functor BUFZ 512, C4<zzzzzzzzzzzzzzzzzzzzzzzzzzzzzzzzzzzzzzzzzzzzzzzzzzzzzzzzzzzzzzzzzzzzzzzzzzzzzzzzzzzzzzzzzzzzzzzzzzzzzzzzzzzzzzzzzzzzzzzzzzzzzzzzzzzzzzzzzzzzzzzzzzzzzzzzzzzzzzzzzzzzzzzzzzzzzzzzzzzzzzzzzzzzzzzzzzzzzzzzzzzzzzzzzzzzzzzzzzzzzzzzzzzzzzzzzzzzzzzzzzzzzzzzzzzzzzzzzzzzzzzzzzzzzzzzzzzzzzzzzzzzzzzzzzzzzzzzzzzzzzzzzzzzzzzzzzzzzzzzzzzzzzzzzzzzzzzzzzzzzzzzzzzzzzzzzzzzzzzzzzzzzzzzzzzzzzzzzzzzzzzzzzzzzzzzzzzzzzzzzzzzzzzzzzzzzzzzzzzzzzzzzzzzzzzzzzzzzzzzzzzzzzzzzzzzzzzzzzzzzzzzzzzzzzzzzzzzzzzzzzzzzzzzzzzzzzzzzzzzzzzzzzzzzzzz>; HiZ drive
v0x1367a40_0 .net "mem_rdata_i", 511 0, o0x7faa2c6c4438;  0 drivers
v0x1367b20_0 .var "req_addr", 31 0;
v0x1367c00_0 .var "req_core", 1 0;
v0x1367ce0_0 .var "req_type", 2 0;
o0x7faa2c6c44f8 .functor BUFZ 1, C4<z>; HiZ drive
v0x1367dc0_0 .net "reset_i", 0 0, o0x7faa2c6c44f8;  0 drivers
v0x1367e80_0 .var "state", 3 0;
E_0x1340d50 .event posedge, v0x1367dc0_0, v0x13667d0_0;
L_0x1368290 .part v0x1366a30_0, 1, 3;
L_0x1368330 .part v0x1366a30_0, 0, 2;
L_0x13683d0 .part v0x1367b20_0, 6, 5;
    .scope S_0x12ff4f0;
T_0 ;
    %wait E_0x1340d50;
    %load/vec4 v0x1367dc0_0;
    %flag_set/vec4 8;
    %jmp/0xz  T_0.0, 8;
    %jmp T_0.1;
T_0.0 ;
    %load/vec4 v0x1367e80_0;
    %dup/vec4;
    %pushi/vec4 0, 0, 4;
    %cmp/u;
    %jmp/1 T_0.2, 6;
    %dup/vec4;
    %pushi/vec4 1, 0, 4;
    %cmp/u;
    %jmp/1 T_0.3, 6;
    %dup/vec4;
    %pushi/vec4 2, 0, 4;
    %cmp/u;
    %jmp/1 T_0.4, 6;
    %dup/vec4;
    %pushi/vec4 3, 0, 4;
    %cmp/u;
    %jmp/1 T_0.5, 6;
    %dup/vec4;
    %pushi/vec4 4, 0, 4;
    %cmp/u;
    %jmp/1 T_0.6, 6;
    %dup/vec4;
    %pushi/vec4 5, 0, 4;
    %cmp/u;
    %jmp/1 T_0.7, 6;
    %dup/vec4;
    %pushi/vec4 6, 0, 4;
    %cmp/u;
    %jmp/1 T_0.8, 6;
    %dup/vec4;
    %pushi/vec4 5, 0, 4;
    %cmp/u;
    %jmp/1 T_0.9, 6;
    %pushi/vec4 0, 0, 4;
    %assign/vec4 v0x1367e80_0, 0;
    %jmp T_0.11;
T_0.2 ;
    %load/vec4 v0x13674c0_0;
    %flag_set/vec4 8;
    %jmp/0xz  T_0.12, 8;
    %load/vec4 v0x1366950_0;
    %assign/vec4 v0x1367c00_0, 0;
    %load/vec4 v0x1366890_0;
    %assign/vec4 v0x1367ce0_0, 0;
    %load/vec4 v0x1325980_0;
    %assign/vec4 v0x1367b20_0, 0;
    %load/vec4 v0x1366d20_0;
    %pad/u 8;
    %ix/vec4 4;
    %load/vec4a v0x1366e00, 4;
    %assign/vec4 v0x1366a30_0, 0;
    %pushi/vec4 1, 0, 4;
    %assign/vec4 v0x1367e80_0, 0;
T_0.12 ;
    %jmp T_0.11;
T_0.3 ;
    %load/vec4 v0x1367ce0_0;
    %dup/vec4;
    %pushi/vec4 0, 0, 3;
    %cmp/u;
    %jmp/1 T_0.14, 6;
    %dup/vec4;
    %pushi/vec4 1, 0, 3;
    %cmp/u;
    %jmp/1 T_0.15, 6;
    %dup/vec4;
    %pushi/vec4 2, 0, 3;
    %cmp/u;
    %jmp/1 T_0.16, 6;
    %dup/vec4;
    %pushi/vec4 4, 0, 3;
    %cmp/u;
    %jmp/1 T_0.17, 6;
    %jmp T_0.18;
T_0.14 ;
    %pushi/vec4 2, 0, 4;
    %assign/vec4 v0x1367e80_0, 0;
    %jmp T_0.18;
T_0.15 ;
    %pushi/vec4 3, 0, 4;
    %assign/vec4 v0x1367e80_0, 0;
    %jmp T_0.18;
T_0.16 ;
    %pushi/vec4 5, 0, 4;
    %assign/vec4 v0x1367e80_0, 0;
    %jmp T_0.18;
T_0.17 ;
    %pushi/vec4 4, 0, 4;
    %assign/vec4 v0x1367e80_0, 0;
    %jmp T_0.18;
T_0.18 ;
    %pop/vec4 1;
    %jmp T_0.11;
T_0.4 ;
    %jmp T_0.11;
T_0.5 ;
    %load/vec4 v0x1366a30_0;
    %parti/s 1, 0, 2;
    %pad/u 32;
    %cmpi/e 0, 0, 32;
    %jmp/0xz  T_0.19, 4;
    %pushi/vec4 1, 0, 1;
    %assign/vec4 v0x1367720_0, 0;
    %pushi/vec4 0, 0, 1;
    %assign/vec4 v0x13678a0_0, 0;
    %load/vec4 v0x1367b20_0;
    %assign/vec4 v0x1367960_0, 0;
    %pushi/vec4 5, 0, 4;
    %assign/vec4 v0x1367e80_0, 0;
    %jmp T_0.20;
T_0.19 ;
    %load/vec4 v0x1366a30_0;
    %parti/s 1, 0, 2;
    %assign/vec4 v0x1367300_0, 0;
    %pushi/vec4 1, 0, 2;
    %assign/vec4 v0x13673e0_0, 0;
    %pushi/vec4 6, 0, 4;
    %assign/vec4 v0x1367e80_0, 0;
T_0.20 ;
    %jmp T_0.11;
T_0.6 ;
    %jmp T_0.11;
T_0.7 ;
    %jmp T_0.11;
T_0.8 ;
    %load/vec4 v0x1367160_0;
    %flag_set/vec4 8;
    %jmp/0xz  T_0.21, 8;
    %pushi/vec4 1, 0, 1;
    %assign/vec4 v0x1367720_0, 0;
    %pushi/vec4 1, 0, 1;
    %assign/vec4 v0x13678a0_0, 0;
    %load/vec4 v0x1367b20_0;
    %assign/vec4 v0x1367960_0, 0;
    %pushi/vec4 1, 0, 1;
    %assign/vec4 v0x1367580_0, 0;
    %load/vec4 v0x1367c00_0;
    %pad/u 1;
    %assign/vec4 v0x1366ec0_0, 0;
    %load/vec4 v0x1366fa0_0;
    %assign/vec4 v0x1367080_0, 0;
    %load/vec4 v0x1366a30_0;
    %parti/s 2, 0, 2;
    %load/vec4 v0x1367c00_0;
    %or;
    %load/vec4 v0x1366d20_0;
    %pad/u 8;
    %ix/vec4 3;
    %ix/load 4, 0, 0; Constant delay
    %assign/vec4/a/d v0x1366e00, 0, 4;
    %pushi/vec4 2, 0, 3;
    %load/vec4 v0x1366d20_0;
    %pad/u 8;
    %ix/vec4 3;
    %ix/load 4, 1, 0; part off
    %ix/load 5, 0, 0; Constant delay
    %assign/vec4/a/d v0x1366e00, 4, 5;
    %pushi/vec4 0, 0, 4;
    %assign/vec4 v0x1367e80_0, 0;
    %jmp T_0.22;
T_0.21 ;
    %pushi/vec4 6, 0, 4;
    %assign/vec4 v0x1367e80_0, 0;
T_0.22 ;
    %jmp T_0.11;
T_0.9 ;
    %load/vec4 v0x13677e0_0;
    %flag_set/vec4 8;
    %jmp/0xz  T_0.23, 8;
    %pushi/vec4 1, 0, 1;
    %assign/vec4 v0x1367580_0, 0;
    %load/vec4 v0x1367c00_0;
    %pad/u 1;
    %assign/vec4 v0x1366ec0_0, 0;
    %load/vec4 v0x1367a40_0;
    %assign/vec4 v0x1367080_0, 0;
    %pushi/vec4 0, 0, 4;
    %assign/vec4 v0x1367e80_0, 0;
    %jmp T_0.24;
T_0.23 ;
    %pushi/vec4 5, 0, 4;
    %assign/vec4 v0x1367e80_0, 0;
T_0.24 ;
    %jmp T_0.11;
T_0.11 ;
    %pop/vec4 1;
T_0.1 ;
    %jmp T_0;
    .thread T_0;
# The file index is used to find the file name in the following table.
:file_names 3;
    "N/A";
    "<interactive>";
    "directory_controller.v";
